[0.006s] Invoking command in '/home/taka/crazyswarm_SimpleFlight/build/crazyflie_interfaces': CMAKE_PREFIX_PATH=/opt/ros/humble CONDA_PROMPT_MODIFIER=(crazyswarm_simple) /usr/bin/cmake /home/taka/crazyswarm_SimpleFlight/crazyflie_interfaces -DCMAKE_BUILD_TYPE=Release -DAMENT_CMAKE_SYMLINK_INSTALL=1 -DCMAKE_INSTALL_PREFIX=/home/taka/crazyswarm_SimpleFlight/install/crazyflie_interfaces
[0.014s] -- Found ament_cmake: 1.3.11 (/opt/ros/humble/share/ament_cmake/cmake)
[0.098s] -- Override CMake install command with custom implementation using symlinks instead of copying resources
[0.102s] -- Found builtin_interfaces: 1.2.1 (/opt/ros/humble/share/builtin_interfaces/cmake)
[0.115s] -- Found rosidl_generator_c: 3.1.6 (/opt/ros/humble/share/rosidl_generator_c/cmake)
[0.117s] -- Found rosidl_adapter: 3.1.6 (/opt/ros/humble/share/rosidl_adapter/cmake)
[0.120s] -- Found rosidl_generator_cpp: 3.1.6 (/opt/ros/humble/share/rosidl_generator_cpp/cmake)
[0.125s] -- Using all available rosidl_typesupport_c: rosidl_typesupport_fastrtps_c;rosidl_typesupport_introspection_c
[0.131s] -- Using all available rosidl_typesupport_cpp: rosidl_typesupport_fastrtps_cpp;rosidl_typesupport_introspection_cpp
[0.137s] -- Found geometry_msgs: 4.2.4 (/opt/ros/humble/share/geometry_msgs/cmake)
[0.150s] -- Found rosidl_default_generators: 1.2.0 (/opt/ros/humble/share/rosidl_default_generators/cmake)
[0.419s] -- Found ament_cmake_cppcheck: 0.12.11 (/opt/ros/humble/share/ament_cmake_cppcheck/cmake)
[0.420s] -- Found ament_cmake_cpplint: 0.12.11 (/opt/ros/humble/share/ament_cmake_cpplint/cmake)
[0.422s] -- Found ament_cmake_uncrustify: 0.12.11 (/opt/ros/humble/share/ament_cmake_uncrustify/cmake)
[0.424s] -- Found ament_cmake_ros: 0.10.0 (/opt/ros/humble/share/ament_cmake_ros/cmake)
[0.740s] -- Using all available rosidl_typesupport_c: rosidl_typesupport_fastrtps_c;rosidl_typesupport_introspection_c
[0.854s] -- Using all available rosidl_typesupport_cpp: rosidl_typesupport_fastrtps_cpp;rosidl_typesupport_introspection_cpp
[0.872s] -- Found PythonInterp: /home/taka/miniconda3/envs/crazyswarm_simple/bin/python3 (found suitable version "3.10.16", minimum required is "3.6") 
[0.874s] -- Found python_cmake_module: 0.10.0 (/opt/ros/humble/share/python_cmake_module/cmake)
[0.893s] -- Found PythonLibs: /home/taka/miniconda3/envs/crazyswarm_simple/lib/libpython3.10.so (found suitable version "3.10.16", minimum required is "3.5") 
[0.893s] -- Using PYTHON_EXECUTABLE: /home/taka/miniconda3/envs/crazyswarm_simple/bin/python3
[0.893s] -- Using PYTHON_INCLUDE_DIRS: /home/taka/miniconda3/envs/crazyswarm_simple/include/python3.10
[0.893s] -- Using PYTHON_LIBRARIES: /home/taka/miniconda3/envs/crazyswarm_simple/lib/libpython3.10.so
[0.911s] -- Found PythonExtra: .so  
[1.084s] -- Using numpy include directory: /home/taka/.local/lib/python3.10/site-packages/numpy/core/include
[1.091s] -- Found ament_cmake_flake8: 0.12.11 (/opt/ros/humble/share/ament_cmake_flake8/cmake)
[1.092s] -- Found ament_cmake_pep257: 0.12.11 (/opt/ros/humble/share/ament_cmake_pep257/cmake)
[1.102s] -- Configuring done
[1.127s] [33mCMake Warning at /opt/ros/humble/share/rosidl_generator_py/cmake/rosidl_generator_py_generate_interfaces.cmake:166 (add_library):
[1.127s]   Cannot generate a safe runtime search path for target
[1.127s]   crazyflie_interfaces__rosidl_generator_py because files in some directories
[1.127s]   may conflict with libraries in implicit directories:
[1.127s] 
[1.127s]     runtime library [libpython3.10.so.1.0] in /usr/lib/x86_64-linux-gnu may be hidden by files in:
[1.127s]       /home/taka/miniconda3/envs/crazyswarm_simple/lib
[1.128s] 
[1.128s]   Some of these libraries may not be found correctly.
[1.128s] Call Stack (most recent call first):
[1.128s]   /opt/ros/humble/share/ament_cmake_core/cmake/core/ament_execute_extensions.cmake:48 (include)
[1.128s]   /opt/ros/humble/share/rosidl_cmake/cmake/rosidl_generate_interfaces.cmake:286 (ament_execute_extensions)
[1.128s]   CMakeLists.txt:20 (rosidl_generate_interfaces)
[1.128s] 
[1.128s] [0m
[1.129s] [33mCMake Warning at /opt/ros/humble/share/rosidl_generator_py/cmake/rosidl_generator_py_generate_interfaces.cmake:226 (add_library):
[1.129s]   Cannot generate a safe runtime search path for target
[1.129s]   crazyflie_interfaces__rosidl_typesupport_fastrtps_c__pyext because files in
[1.129s]   some directories may conflict with libraries in implicit directories:
[1.129s] 
[1.129s]     runtime library [libpython3.10.so.1.0] in /usr/lib/x86_64-linux-gnu may be hidden by files in:
[1.129s]       /home/taka/miniconda3/envs/crazyswarm_simple/lib
[1.129s] 
[1.129s]   Some of these libraries may not be found correctly.
[1.129s] Call Stack (most recent call first):
[1.129s]   /opt/ros/humble/share/ament_cmake_core/cmake/core/ament_execute_extensions.cmake:48 (include)
[1.130s]   /opt/ros/humble/share/rosidl_cmake/cmake/rosidl_generate_interfaces.cmake:286 (ament_execute_extensions)
[1.130s]   CMakeLists.txt:20 (rosidl_generate_interfaces)
[1.130s] 
[1.130s] [0m
[1.130s] [33mCMake Warning at /opt/ros/humble/share/rosidl_generator_py/cmake/rosidl_generator_py_generate_interfaces.cmake:226 (add_library):
[1.130s]   Cannot generate a safe runtime search path for target
[1.130s]   crazyflie_interfaces__rosidl_typesupport_introspection_c__pyext because
[1.130s]   files in some directories may conflict with libraries in implicit
[1.130s]   directories:
[1.131s] 
[1.131s]     runtime library [libpython3.10.so.1.0] in /usr/lib/x86_64-linux-gnu may be hidden by files in:
[1.131s]       /home/taka/miniconda3/envs/crazyswarm_simple/lib
[1.131s] 
[1.131s]   Some of these libraries may not be found correctly.
[1.131s] Call Stack (most recent call first):
[1.131s]   /opt/ros/humble/share/ament_cmake_core/cmake/core/ament_execute_extensions.cmake:48 (include)
[1.131s]   /opt/ros/humble/share/rosidl_cmake/cmake/rosidl_generate_interfaces.cmake:286 (ament_execute_extensions)
[1.131s]   CMakeLists.txt:20 (rosidl_generate_interfaces)
[1.131s] 
[1.131s] [0m
[1.131s] [33mCMake Warning at /opt/ros/humble/share/rosidl_generator_py/cmake/rosidl_generator_py_generate_interfaces.cmake:226 (add_library):
[1.131s]   Cannot generate a safe runtime search path for target
[1.132s]   crazyflie_interfaces__rosidl_typesupport_c__pyext because files in some
[1.132s]   directories may conflict with libraries in implicit directories:
[1.132s] 
[1.132s]     runtime library [libpython3.10.so.1.0] in /usr/lib/x86_64-linux-gnu may be hidden by files in:
[1.132s]       /home/taka/miniconda3/envs/crazyswarm_simple/lib
[1.132s] 
[1.132s]   Some of these libraries may not be found correctly.
[1.132s] Call Stack (most recent call first):
[1.132s]   /opt/ros/humble/share/ament_cmake_core/cmake/core/ament_execute_extensions.cmake:48 (include)
[1.132s]   /opt/ros/humble/share/rosidl_cmake/cmake/rosidl_generate_interfaces.cmake:286 (ament_execute_extensions)
[1.132s]   CMakeLists.txt:20 (rosidl_generate_interfaces)
[1.132s] 
[1.132s] [0m
[1.136s] -- Generating done
[1.143s] -- Build files have been written to: /home/taka/crazyswarm_SimpleFlight/build/crazyflie_interfaces
[1.149s] Invoked command in '/home/taka/crazyswarm_SimpleFlight/build/crazyflie_interfaces' returned '0': CMAKE_PREFIX_PATH=/opt/ros/humble CONDA_PROMPT_MODIFIER=(crazyswarm_simple) /usr/bin/cmake /home/taka/crazyswarm_SimpleFlight/crazyflie_interfaces -DCMAKE_BUILD_TYPE=Release -DAMENT_CMAKE_SYMLINK_INSTALL=1 -DCMAKE_INSTALL_PREFIX=/home/taka/crazyswarm_SimpleFlight/install/crazyflie_interfaces
[1.149s] Invoking command in '/home/taka/crazyswarm_SimpleFlight/build/crazyflie_interfaces': CMAKE_PREFIX_PATH=/opt/ros/humble CONDA_PROMPT_MODIFIER=(crazyswarm_simple) /usr/bin/cmake --build /home/taka/crazyswarm_SimpleFlight/build/crazyflie_interfaces -- -j20 -l20
[1.185s] [  0%] [34m[1mGenerating C code for ROS interfaces[0m
[1.195s] [  0%] [34m[1mGenerating C++ code for ROS interfaces[0m
[1.198s] [  0%] Built target ament_cmake_python_symlink_crazyflie_interfaces
[1.216s] Traceback (most recent call last):
[1.216s]   File "/opt/ros/humble/share/rosidl_generator_c/cmake/../../../lib/rosidl_generator_c/rosidl_generator_c", line 8, in <module>
[1.216s]     from rosidl_generator_c import generate_c
[1.216s]   File "/opt/ros/humble/local/lib/python3.10/dist-packages/rosidl_generator_c/__init__.py", line 15, in <module>
[1.216s]     from rosidl_cmake import convert_camel_case_to_lower_case_underscore
[1.216s]   File "/opt/ros/humble/local/lib/python3.10/dist-packages/rosidl_cmake/__init__.py", line 24, in <module>
[1.216s]     from rosidl_parser.parser import parse_idl_file
[1.216s]   File "/opt/ros/humble/local/lib/python3.10/dist-packages/rosidl_parser/parser.py", line 20, in <module>
[1.216s]     from lark import Lark
[1.216s] ModuleNotFoundError: No module named 'lark'
[1.220s] gmake[2]: *** [CMakeFiles/crazyflie_interfaces__rosidl_generator_c.dir/build.make:166: rosidl_generator_c/crazyflie_interfaces/msg/full_state.h] Error 1
[1.220s] gmake[1]: *** [CMakeFiles/Makefile2:212: CMakeFiles/crazyflie_interfaces__rosidl_generator_c.dir/all] Error 2
[1.220s] gmake[1]: *** Waiting for unfinished jobs....
[1.229s] Traceback (most recent call last):
[1.229s]   File "/opt/ros/humble/share/rosidl_generator_cpp/cmake/../../../lib/rosidl_generator_cpp/rosidl_generator_cpp", line 8, in <module>
[1.229s]     from rosidl_generator_cpp import generate_cpp
[1.229s]   File "/opt/ros/humble/local/lib/python3.10/dist-packages/rosidl_generator_cpp/__init__.py", line 17, in <module>
[1.229s]     from rosidl_cmake import generate_files
[1.229s]   File "/opt/ros/humble/local/lib/python3.10/dist-packages/rosidl_cmake/__init__.py", line 24, in <module>
[1.230s]     from rosidl_parser.parser import parse_idl_file
[1.230s]   File "/opt/ros/humble/local/lib/python3.10/dist-packages/rosidl_parser/parser.py", line 20, in <module>
[1.230s]     from lark import Lark
[1.230s] ModuleNotFoundError: No module named 'lark'
[1.233s] gmake[2]: *** [CMakeFiles/crazyflie_interfaces__cpp.dir/build.make:257: rosidl_generator_cpp/crazyflie_interfaces/msg/full_state.hpp] Error 1
[1.233s] gmake[1]: *** [CMakeFiles/Makefile2:265: CMakeFiles/crazyflie_interfaces__cpp.dir/all] Error 2
[1.307s] running egg_info
[1.314s] creating crazyflie_interfaces.egg-info
[1.314s] writing crazyflie_interfaces.egg-info/PKG-INFO
[1.314s] writing dependency_links to crazyflie_interfaces.egg-info/dependency_links.txt
[1.315s] writing top-level names to crazyflie_interfaces.egg-info/top_level.txt
[1.315s] writing manifest file 'crazyflie_interfaces.egg-info/SOURCES.txt'
[1.334s] reading manifest file 'crazyflie_interfaces.egg-info/SOURCES.txt'
[1.334s] writing manifest file 'crazyflie_interfaces.egg-info/SOURCES.txt'
[1.352s] [  0%] Built target ament_cmake_python_build_crazyflie_interfaces_egg
[1.352s] gmake: *** [Makefile:146: all] Error 2
[1.354s] Invoked command in '/home/taka/crazyswarm_SimpleFlight/build/crazyflie_interfaces' returned '2': CMAKE_PREFIX_PATH=/opt/ros/humble CONDA_PROMPT_MODIFIER=(crazyswarm_simple) /usr/bin/cmake --build /home/taka/crazyswarm_SimpleFlight/build/crazyflie_interfaces -- -j20 -l20
