[0.007s] Invoking command in '/home/taka/crazyswarm_SimpleFlight/build/crazyflie_interfaces': CMAKE_PREFIX_PATH=/opt/ros/humble CONDA_PROMPT_MODIFIER=(crazyswarm_simple) /usr/bin/cmake /home/taka/crazyswarm_SimpleFlight/crazyflie_interfaces -DCMAKE_BUILD_TYPE=Release -DAMENT_CMAKE_SYMLINK_INSTALL=1 -DCMAKE_INSTALL_PREFIX=/home/taka/crazyswarm_SimpleFlight/install/crazyflie_interfaces
[0.015s] -- Found ament_cmake: 1.3.11 (/opt/ros/humble/share/ament_cmake/cmake)
[0.096s] -- Override CMake install command with custom implementation using symlinks instead of copying resources
[0.099s] -- Found builtin_interfaces: 1.2.1 (/opt/ros/humble/share/builtin_interfaces/cmake)
[0.112s] -- Found rosidl_generator_c: 3.1.6 (/opt/ros/humble/share/rosidl_generator_c/cmake)
[0.114s] -- Found rosidl_adapter: 3.1.6 (/opt/ros/humble/share/rosidl_adapter/cmake)
[0.117s] -- Found rosidl_generator_cpp: 3.1.6 (/opt/ros/humble/share/rosidl_generator_cpp/cmake)
[0.122s] -- Using all available rosidl_typesupport_c: rosidl_typesupport_fastrtps_c;rosidl_typesupport_introspection_c
[0.128s] -- Using all available rosidl_typesupport_cpp: rosidl_typesupport_fastrtps_cpp;rosidl_typesupport_introspection_cpp
[0.134s] -- Found geometry_msgs: 4.2.4 (/opt/ros/humble/share/geometry_msgs/cmake)
[0.147s] -- Found rosidl_default_generators: 1.2.0 (/opt/ros/humble/share/rosidl_default_generators/cmake)
[0.240s] [31mCMake Error at /opt/ros/humble/share/rosidl_adapter/cmake/rosidl_adapt_interfaces.cmake:59 (message):
[0.240s]   execute_process(/home/taka/miniconda3/envs/crazyswarm_simple/bin/python3 -m
[0.240s]   rosidl_adapter --package-name crazyflie_interfaces --arguments-file
[0.240s]   /home/taka/crazyswarm_SimpleFlight/build/crazyflie_interfaces/rosidl_adapter__arguments__crazyflie_interfaces.json
[0.240s]   --output-dir
[0.240s]   /home/taka/crazyswarm_SimpleFlight/build/crazyflie_interfaces/rosidl_adapter/crazyflie_interfaces
[0.240s]   --output-file
[0.240s]   /home/taka/crazyswarm_SimpleFlight/build/crazyflie_interfaces/rosidl_adapter/crazyflie_interfaces.idls)
[0.240s]   returned error code 1:
[0.240s] 
[0.240s]   AttributeError processing template 'msg.idl.em'
[0.240s] 
[0.241s]   Traceback (most recent call last):
[0.241s] 
[0.241s]     File "/opt/ros/humble/local/lib/python3.10/dist-packages/rosidl_adapter/resource/__init__.py", line 51, in evaluate_template
[0.241s]       em.BUFFERED_OPT: True,
[0.241s] 
[0.241s]   AttributeError: module 'em' has no attribute 'BUFFERED_OPT'
[0.241s] 
[0.241s]   
[0.241s] 
[0.241s]   During handling of the above exception, another exception occurred:
[0.241s] 
[0.241s]   
[0.241s] 
[0.241s]   Traceback (most recent call last):
[0.241s] 
[0.241s]     File "/home/taka/miniconda3/envs/crazyswarm_simple/lib/python3.10/runpy.py", line 196, in _run_module_as_main
[0.241s]       return _run_code(code, main_globals, None,
[0.241s]     File "/home/taka/miniconda3/envs/crazyswarm_simple/lib/python3.10/runpy.py", line 86, in _run_code
[0.241s]       exec(code, run_globals)
[0.241s]     File "/opt/ros/humble/local/lib/python3.10/dist-packages/rosidl_adapter/__main__.py", line 19, in <module>
[0.241s]       sys.exit(main())
[0.241s]     File "/opt/ros/humble/local/lib/python3.10/dist-packages/rosidl_adapter/main.py", line 53, in main
[0.241s]       abs_idl_file = convert_to_idl(
[0.241s]     File "/opt/ros/humble/local/lib/python3.10/dist-packages/rosidl_adapter/__init__.py", line 19, in convert_to_idl
[0.241s]       return convert_msg_to_idl(
[0.241s]     File "/opt/ros/humble/local/lib/python3.10/dist-packages/rosidl_adapter/msg/__init__.py", line 39, in convert_msg_to_idl
[0.241s]       expand_template('msg.idl.em', data, output_file, encoding='iso-8859-1')
[0.241s]     File "/opt/ros/humble/local/lib/python3.10/dist-packages/rosidl_adapter/resource/__init__.py", line 23, in expand_template
[0.241s]       content = evaluate_template(template_name, data)
[0.241s]     File "/opt/ros/humble/local/lib/python3.10/dist-packages/rosidl_adapter/resource/__init__.py", line 69, in evaluate_template
[0.241s]       _interpreter.shutdown()
[0.241s] 
[0.241s]   AttributeError: 'NoneType' object has no attribute 'shutdown'
[0.241s] 
[0.241s] Call Stack (most recent call first):
[0.241s]   /opt/ros/humble/share/rosidl_cmake/cmake/rosidl_generate_interfaces.cmake:130 (rosidl_adapt_interfaces)
[0.241s]   CMakeLists.txt:20 (rosidl_generate_interfaces)
[0.241s] 
[0.241s] [0m
[0.241s] -- Configuring incomplete, errors occurred!
[0.241s] See also "/home/taka/crazyswarm_SimpleFlight/build/crazyflie_interfaces/CMakeFiles/CMakeOutput.log".
[0.245s] Invoked command in '/home/taka/crazyswarm_SimpleFlight/build/crazyflie_interfaces' returned '1': CMAKE_PREFIX_PATH=/opt/ros/humble CONDA_PROMPT_MODIFIER=(crazyswarm_simple) /usr/bin/cmake /home/taka/crazyswarm_SimpleFlight/crazyflie_interfaces -DCMAKE_BUILD_TYPE=Release -DAMENT_CMAKE_SYMLINK_INSTALL=1 -DCMAKE_INSTALL_PREFIX=/home/taka/crazyswarm_SimpleFlight/install/crazyflie_interfaces
